  Console.cpp
C:\Users\ADMIN\source\repos\N4_Project4\N4_Project4\Console.cpp(23,26): warning C4838: conversion from 'int' to 'SHORT' requires a narrowing conversion
C:\Users\ADMIN\source\repos\N4_Project4\N4_Project4\Console.cpp(23,28): warning C4838: conversion from 'int' to 'SHORT' requires a narrowing conversion
  Dangnhap.cpp
  Donhang.cpp
C:\Users\ADMIN\source\repos\N4_Project4\N4_Project4\Donhang.cpp(48,36): warning C4244: '=': conversion from '__int64' to 'int', possible loss of data
  Hanghoa.cpp
C:\Users\ADMIN\source\repos\N4_Project4\N4_Project4\Hanghoa.cpp(77,20): warning C4244: '=': conversion from '__int64' to 'double', possible loss of data
C:\Users\ADMIN\source\repos\N4_Project4\N4_Project4\Hanghoa.cpp(81,22): warning C4244: '=': conversion from '__int64' to 'int', possible loss of data
  main.cpp
C:\Users\ADMIN\source\repos\N4_Project4\N4_Project4\Queue.h(91,3): warning C4551: function call missing argument list
  (compiling source file 'main.cpp')
      C:\Users\ADMIN\source\repos\N4_Project4\N4_Project4\Queue.h(91,3):
      the template instantiation context (the oldest one first) is
          C:\Users\ADMIN\source\repos\N4_Project4\N4_Project4\Functions.h(138,4):
          see reference to class template instantiation 'Queue<cOrder>' being compiled
          C:\Users\ADMIN\source\repos\N4_Project4\N4_Project4\Queue.h(89,26):
          while compiling class template member function 'Name Queue<Name>::peek(void)'
          with
          [
              Name=cOrder
          ]
              C:\Users\ADMIN\source\repos\N4_Project4\N4_Project4\Functions.h(393,22):
              see the first reference to 'Queue<cOrder>::peek' in 'Manager_Goods'
  
  Generating Code...
C:\Users\ADMIN\source\repos\N4_Project4\N4_Project4\Console.cpp(50,1): warning C4715: 'conSole::inputKey': not all control paths return a value
  N4_Project4.vcxproj -> C:\Users\ADMIN\Source\Repos\N4_Project4\x64\Debug\N4_Project4.exe
